<?xml version="1.0" encoding="UTF-8"?>
<testsuite xmlns:xsi="http://www.w3.org/2001/XMLSchema-instance" xsi:noNamespaceSchemaLocation="https://maven.apache.org/surefire/maven-surefire-plugin/xsd/surefire-test-report.xsd" name="com.mich.maven.profiles.profilesdemo.AppTest" time="0.025" tests="1" errors="0" skipped="0" failures="0">
  <properties>
    <property name="java.specification.version" value="17"/>
    <property name="sun.cpu.isalist" value="amd64"/>
    <property name="sun.jnu.encoding" value="Cp1252"/>
    <property name="java.class.path" value="C:\Users\luismichel.castillo\Documents\Cursos\09 - Maven Crash Course\07_Profiles\profilesdemo\target\test-classes;C:\Users\luismichel.castillo\Documents\Cursos\09 - Maven Crash Course\07_Profiles\profilesdemo\target\classes;C:\Users\luismichel.castillo\.m2\repository\junit\junit\4.11\junit-4.11.jar;C:\Users\luismichel.castillo\.m2\repository\org\hamcrest\hamcrest-core\1.3\hamcrest-core-1.3.jar;"/>
    <property name="java.vm.vendor" value="Eclipse Adoptium"/>
    <property name="sun.arch.data.model" value="64"/>
    <property name="user.variant" value=""/>
    <property name="java.vendor.url" value="https://adoptium.net/"/>
    <property name="user.timezone" value="America/Buenos_Aires"/>
    <property name="user.country.format" value="AR"/>
    <property name="os.name" value="Windows 10"/>
    <property name="java.vm.specification.version" value="17"/>
    <property name="sun.java.launcher" value="SUN_STANDARD"/>
    <property name="user.country" value="US"/>
    <property name="sun.boot.library.path" value="C:\Users\luismichel.castillo\Documents\Cursos\Instaladores\Eclipse\eclipse\plugins\org.eclipse.justj.openjdk.hotspot.jre.full.win32.x86_64_17.0.2.v20220201-1208\jre\bin"/>
    <property name="sun.java.command" value="C:\Users\LUISMI~1.CAS\AppData\Local\Temp\surefire14230994446535089289\surefirebooter818562882218673665.jar C:\Users\luismichel.castillo\AppData\Local\Temp\surefire14230994446535089289 2022-05-06T10-11-24_299-jvmRun1 surefire12145863965143991192tmp surefire_013970256295914442987tmp"/>
    <property name="jdk.debug" value="release"/>
    <property name="surefire.test.class.path" value="C:\Users\luismichel.castillo\Documents\Cursos\09 - Maven Crash Course\07_Profiles\profilesdemo\target\test-classes;C:\Users\luismichel.castillo\Documents\Cursos\09 - Maven Crash Course\07_Profiles\profilesdemo\target\classes;C:\Users\luismichel.castillo\.m2\repository\junit\junit\4.11\junit-4.11.jar;C:\Users\luismichel.castillo\.m2\repository\org\hamcrest\hamcrest-core\1.3\hamcrest-core-1.3.jar;"/>
    <property name="sun.cpu.endian" value="little"/>
    <property name="user.home" value="C:\Users\luismichel.castillo"/>
    <property name="user.language" value="en"/>
    <property name="java.specification.vendor" value="Oracle Corporation"/>
    <property name="java.version.date" value="2022-01-18"/>
    <property name="java.home" value="C:\Users\luismichel.castillo\Documents\Cursos\Instaladores\Eclipse\eclipse\plugins\org.eclipse.justj.openjdk.hotspot.jre.full.win32.x86_64_17.0.2.v20220201-1208\jre"/>
    <property name="file.separator" value="\"/>
    <property name="basedir" value="C:\Users\luismichel.castillo\Documents\Cursos\09 - Maven Crash Course\07_Profiles\profilesdemo"/>
    <property name="java.vm.compressedOopsMode" value="Zero based"/>
    <property name="line.separator" value="&#10;"/>
    <property name="java.vm.specification.vendor" value="Oracle Corporation"/>
    <property name="java.specification.name" value="Java Platform API Specification"/>
    <property name="surefire.real.class.path" value="C:\Users\LUISMI~1.CAS\AppData\Local\Temp\surefire14230994446535089289\surefirebooter818562882218673665.jar"/>
    <property name="user.script" value=""/>
    <property name="sun.management.compiler" value="HotSpot 64-Bit Tiered Compilers"/>
    <property name="java.runtime.version" value="17.0.2+8"/>
    <property name="user.name" value="luismichel.castillo"/>
    <property name="path.separator" value=";"/>
    <property name="os.version" value="10.0"/>
    <property name="java.runtime.name" value="OpenJDK Runtime Environment"/>
    <property name="file.encoding" value="Cp1252"/>
    <property name="java.vm.name" value="OpenJDK 64-Bit Server VM"/>
    <property name="java.vendor.version" value="Temurin-17.0.2+8"/>
    <property name="localRepository" value="C:\Users\luismichel.castillo\.m2\repository"/>
    <property name="java.vendor.url.bug" value="https://github.com/adoptium/adoptium-support/issues"/>
    <property name="java.io.tmpdir" value="C:\Users\LUISMI~1.CAS\AppData\Local\Temp\"/>
    <property name="java.version" value="17.0.2"/>
    <property name="user.dir" value="C:\Users\luismichel.castillo\Documents\Cursos\09 - Maven Crash Course\07_Profiles\profilesdemo"/>
    <property name="os.arch" value="amd64"/>
    <property name="java.vm.specification.name" value="Java Virtual Machine Specification"/>
    <property name="user.language.format" value="es"/>
    <property name="sun.os.patch.level" value=""/>
    <property name="native.encoding" value="Cp1252"/>
    <property name="java.library.path" value="C:\Users\luismichel.castillo\Documents\Cursos\Instaladores\Eclipse\eclipse\plugins\org.eclipse.justj.openjdk.hotspot.jre.full.win32.x86_64_17.0.2.v20220201-1208\jre\bin;C:\windows\Sun\Java\bin;C:\windows\system32;C:\windows;C:/Users/luismichel.castillo/Documents/Cursos/Instaladores/Eclipse/eclipse//plugins/org.eclipse.justj.openjdk.hotspot.jre.full.win32.x86_64_17.0.2.v20220201-1208/jre/bin/server;C:/Users/luismichel.castillo/Documents/Cursos/Instaladores/Eclipse/eclipse//plugins/org.eclipse.justj.openjdk.hotspot.jre.full.win32.x86_64_17.0.2.v20220201-1208/jre/bin;C:\windows\system32;C:\windows;C:\windows\System32\Wbem;C:\windows\System32\WindowsPowerShell\v1.0\;C:\windows\System32\OpenSSH\;C:\Program Files\Java\jdk-14.0.2\bin;C:\Users\luismichel.castillo\Documents\Cursos\Instaladores\Maven\apache-maven-3.8.5\bin;C:\Program Files\nodejs\;C:\Users\luismichel.castillo\Documents\Cursos\Instaladores\Maven\apache-maven-3.8.5\bin;C:\Users\luismichel.castillo\AppData\Local\Microsoft\WindowsApps;;C:\Users\luismichel.castillo\AppData\Local\Programs\Microsoft VS Code\bin;C:\Users\luismichel.castillo\AppData\Roaming\npm;C:\Users\luismichel.castillo\Documents\Cursos\Instaladores\Eclipse\eclipse;;."/>
    <property name="java.vm.info" value="mixed mode"/>
    <property name="java.vendor" value="Eclipse Adoptium"/>
    <property name="java.vm.version" value="17.0.2+8"/>
    <property name="sun.io.unicode.encoding" value="UnicodeLittle"/>
    <property name="java.class.version" value="61.0"/>
  </properties>
  <testcase name="shouldAnswerWithTrue" classname="com.mich.maven.profiles.profilesdemo.AppTest" time="0.002"/>
</testsuite>